86f4edebdeb977723b2b9e8141f96d743f8c42707b728edd08bb7a9ff4a31b27http://mario.lapam.mo.it/Wallace-and-Gromit/images/Una-Fantastica-Gita-s.JPG: No such file or directory
a56d3820e0ccd8345eac343ca0829d001cea035499050ae89ac84a8df2393e4chttp://mario.lapam.mo.it/Wallace-and-Gromit/images/I-Pantaloni-Sbagliati_s.JPG: No such file or directory
9588fb5eddfc4f4aa98ff12e1f6c847480a26f306d86285bc655076993fcb0a0http://mario.lapam.mo.it/Wallace-and-Gromit/images/Una-Tosatura-Perfetta_s.JPG: No such file or directory
1ae05bb195ee72969f51ba3f6efa54354a4dead6631f75bf6a78935d6f591b3dhttp://www.hostfiles.org/miniature/20051115072335_Cover.GIF: No such file or directory
469be6524797d7927b52b166ccb5770a7af196198e0bfe322bb16ea048431d25http://www.hostfiles.org/miniature/20051115072659_Pagina0.GIF: No such file or directory
f3cac53462536386c6e64706a60862fa247a2cda5f238e7a4247a8e48438fa9chttp://www.hostfiles.org/miniature/20051115072928_Pagina1.GIF: No such file or directory
27b6179a1e266d0651553cece53dcc9789924d48f36b41150859c023e47faeeehttp://www.hostfiles.org/miniature/20051115073208_Pagina2.GIF: No such file or directory
500dad910e22a42d76c724e056bdfde5427544e9758aeeeff39525f7a07d4224http://www.hostfiles.org/miniature/20051115073446_Pagina3.GIF: No such file or directory
12846fc64c019d0fa194426dd1c15bfdef3cec84dd137dc5d49fc91cf9b0160ahttp://www.hostfiles.org/miniature/20051115073725_Pagina4.GIF: No such file or directory
5dd40fb2eeeba174d8476f194bb5ab8f84cc5459e921021cac800d6a70d30c2ehttp://www.hostfiles.org/miniature/20051115074013_Pagina5.GIF: No such file or directory
a74e15b250ef33049a9fcd1772ac0ed8d527e19e4ccc42087e9c799ca3561500http://www.hostfiles.org/miniature/20051115074254_Pagina6.GIF: No such file or directory
306c3a9035a88671380c0fa46421ec8ca1a2d146429b461f7de74ff50c5b262fhttp://www.hostfiles.org/miniature/20051115074530_Pagina7.GIF: No such file or directory
3b8c7d0af5023a98bae16882bed53b4bdcedb30680b55b8141f0da7e88e74044http://www.hostfiles.org/miniature/20051115074859_Pagina8.GIF: No such file or directory
9f4a64dfffdd1584c8eac54cd784ad1e4d86fb5b6b8516bebc8efe4a3444baa1http://www.hostfiles.org/miniature/20051115075139_Pagina9.GIF: No such file or directory
2e81f0d2f5269d0178a99b8d666416893242b50f22c3823bbf2ad9576ff5bef3http://www.hostfiles.org/miniature/20051115075347_Pagina10.GIF: No such file or directory
57ae2e1484ce2a1766c7d3bfa3390cb25aa476b7d659bd57e8ab39bff540268dhttp://www.hostfiles.org/miniature/20051115075603_Pagina11.GIF: No such file or directory
e77b8ba034fc5542d7670565f4deb75893ffd6c62f1bb0d8b276aea8097236b3http://www.hostfiles.org/miniature/20051115075815_Pagina12.GIF: No such file or directory
c197c2a2f819ddd8f98dea5aa248a037cccd5eb5b5368eadc86e5cdef2a87273http://www.hostfiles.org/miniature/20051115080109_Pagina13.GIF: No such file or directory
0b4c59e97821c7f0ff514d448f71081dba7a28d3f5578ba85b5cca5675929301http://www.hostfiles.org/miniature/20051115080416_Pagina14.GIF: No such file or directory
b2dafb6b084d95268934b3c04fb9b0290f567ebc4e653e5472bb5af7ff82aa0ehttp://www.hostfiles.org/miniature/20051115080526_Pagina15.GIF: No such file or directory
b4318ddb15e88304a31a92e29555f13141aecdc59f44e4264361b218137a3cf1http://www.outcinema.it/Poster%20Anni%20%2780/enzo%20sciotti/Demoni.JPG: No such file or directory
64c85d726f4b274fdbd93a0cc660ba44dc02b4ccbca2c63d7fa0cb7e7c63d66ahttp://upload.wikimedia.org/wikipedia/commons/thumb/0/07/Joseph_Conrad.PNG/220px-Joseph_Conrad.PNG: No such file or directory
1d570f6c2640251e192e46ca60804d47a654a1f2ad342feac8947cd4d5978721http://www.fantascienza.com/cinema/notte-dei-morti-viventi/media/02.JPG: No such file or directory
2ec3db088de99a4b1c5bb2339f426b9667e65d584ae104a97a67d04849ff0c2chttp://www.fantascienza.com/cinema/notte-dei-morti-viventi/media/04.JPG: No such file or directory
f1c99dec132f2aa28bfe95895768283573c27e9a0939ec7a7f3a3d85796afbcehttp://www.fantascienza.com/cinema/notte-dei-morti-viventi/media/16.JPG: No such file or directory
78913164819e27cc91fdd8bde7cd7ea88ac74a2c94a875ae440c71f30e3a5bfdhttp://www.fantascienza.com/cinema/notte-dei-morti-viventi/media/26.JPG: No such file or directory
../img_download.sh: line 1048: syntax error near unexpected token `('
../img_download.sh: line 1048: `wget -o images.log -O 00d16e5e0c411663ee0868a51e7649702a75d903250317f284c3940c069f9585.jpg http://xoomer.virgilio.it/amasoni2002/shl/marvel/the_incredible_hulk_returns_(1988)/01.jpg '
